e:\!---kr---!\!programs\matrixgame\matrixlib\filepng\release\filepng.pdb
e:\!---kr---!\!programs\matrixgame\matrixlib\filepng\filepng.dir\release\filepng.obj
e:\!---kr---!\!programs\matrixgame\matrixlib\filepng\filepng.dir\release\pngwutil.obj
e:\!---kr---!\!programs\matrixgame\matrixlib\filepng\filepng.dir\release\pngwtran.obj
e:\!---kr---!\!programs\matrixgame\matrixlib\filepng\filepng.dir\release\pngwrite.obj
e:\!---kr---!\!programs\matrixgame\matrixlib\filepng\filepng.dir\release\pngwio.obj
e:\!---kr---!\!programs\matrixgame\matrixlib\filepng\filepng.dir\release\pngvcrd.obj
e:\!---kr---!\!programs\matrixgame\matrixlib\filepng\filepng.dir\release\pngtrans.obj
e:\!---kr---!\!programs\matrixgame\matrixlib\filepng\filepng.dir\release\pngset.obj
e:\!---kr---!\!programs\matrixgame\matrixlib\filepng\filepng.dir\release\pngrutil.obj
e:\!---kr---!\!programs\matrixgame\matrixlib\filepng\filepng.dir\release\pngrtran.obj
e:\!---kr---!\!programs\matrixgame\matrixlib\filepng\filepng.dir\release\pngrio.obj
e:\!---kr---!\!programs\matrixgame\matrixlib\filepng\filepng.dir\release\pngread.obj
e:\!---kr---!\!programs\matrixgame\matrixlib\filepng\filepng.dir\release\pngpread.obj
e:\!---kr---!\!programs\matrixgame\matrixlib\filepng\filepng.dir\release\pngmem.obj
e:\!---kr---!\!programs\matrixgame\matrixlib\filepng\filepng.dir\release\pngget.obj
e:\!---kr---!\!programs\matrixgame\matrixlib\filepng\filepng.dir\release\pngerror.obj
e:\!---kr---!\!programs\matrixgame\matrixlib\filepng\filepng.dir\release\png.obj
e:\!---kr---!\!programs\matrixgame\matrixlib\filepng\cmakefiles\generate.stamp
e:\!---kr---!\!programs\matrixgame\matrixlib\filepng\release\filepng.lib
e:\!---kr---!\!programs\matrixgame\matrixlib\filepng\filepng.dir\release\filepng.tlog\cl.command.1.tlog
e:\!---kr---!\!programs\matrixgame\matrixlib\filepng\filepng.dir\release\filepng.tlog\cl.read.1.tlog
e:\!---kr---!\!programs\matrixgame\matrixlib\filepng\filepng.dir\release\filepng.tlog\cl.write.1.tlog
e:\!---kr---!\!programs\matrixgame\matrixlib\filepng\filepng.dir\release\filepng.tlog\custombuild.command.1.tlog
e:\!---kr---!\!programs\matrixgame\matrixlib\filepng\filepng.dir\release\filepng.tlog\custombuild.read.1.tlog
e:\!---kr---!\!programs\matrixgame\matrixlib\filepng\filepng.dir\release\filepng.tlog\custombuild.write.1.tlog
e:\!---kr---!\!programs\matrixgame\matrixlib\filepng\filepng.dir\release\filepng.tlog\lib-link.read.1.tlog
e:\!---kr---!\!programs\matrixgame\matrixlib\filepng\filepng.dir\release\filepng.tlog\lib-link.write.1.tlog
e:\!---kr---!\!programs\matrixgame\matrixlib\filepng\filepng.dir\release\filepng.tlog\lib.command.1.tlog
