  1>Building Custom Rule H:/My DLLs/MatrixGame/MatrixLib/FilePNG/CMakeLists.txt
cl : command line  warning D9035: option 'Gm' has been deprecated and will be removed in a future release
  FilePNG.cpp
cl : command line  warning D9035: option 'Gm' has been deprecated and will be removed in a future release
  pngwutil.c
  pngwtran.c
  pngwrite.c
  pngwio.c
  pngvcrd.c
  pngtrans.c
  pngset.c
  pngrutil.c
  pngrtran.c
  pngrio.c
  pngread.c
  pngpread.c
  pngmem.c
  pngget.c
  pngerror.c
  png.c
  Generating Code...
  FilePNG.vcxproj -> H:\My DLLs\MatrixGame\MatrixLib\FilePNG\Debug\FilePNG.lib
